#-----------------------------------------------------------
# Vivado v2016.2 (64-bit)
# SW Build 1577090 on Thu Jun  2 16:32:40 MDT 2016
# IP Build 1577682 on Fri Jun  3 12:00:54 MDT 2016
# Start of session at: Thu Dec 08 02:01:36 2016
# Process ID: 3876
# Current directory: C:/Users/ulab/Desktop/EdisonTechnologyFinalVehicle
# Command line: vivado.exe -gui_launcher_event rodinguilauncherevent3752 C:\Users\ulab\Desktop\EdisonTechnologyFinalVehicle\EdisonTechnologyFinalVehicle.xpr
# Log file: C:/Users/ulab/Desktop/EdisonTechnologyFinalVehicle/vivado.log
# Journal file: C:/Users/ulab/Desktop/EdisonTechnologyFinalVehicle\vivado.jou
#-----------------------------------------------------------
start_gui
open_project C:/Users/ulab/Desktop/EdisonTechnologyFinalVehicle/EdisonTechnologyFinalVehicle.xpr
Scanning sources...
Finished scanning sources
INFO: [IP_Flow 19-234] Refreshing IP repositories
INFO: [IP_Flow 19-1704] No user IP repositories specified
INFO: [IP_Flow 19-2313] Loaded Vivado IP repository 'C:/Xilinx/Vivado/2016.2/data/ip'.
open_project: Time (s): cpu = 00:00:17 ; elapsed = 00:00:37 . Memory (MB): peak = 848.438 ; gain = 233.078
update_compile_order -fileset sources_1
exit
INFO: [Common 17-206] Exiting Vivado at Thu Dec 08 02:06:46 2016...
