#-----------------------------------------------------------
# Vivado v2016.2 (64-bit)
# SW Build 1577090 on Thu Jun  2 16:32:40 MDT 2016
# IP Build 1577682 on Fri Jun  3 12:00:54 MDT 2016
# Start of session at: Fri Dec 09 11:49:12 2016
# Process ID: 11652
# Current directory: C:/Users/ulab/Desktop/EdisonTechnologyFinalVehicle
# Command line: vivado.exe -gui_launcher_event rodinguilauncherevent19960 C:\Users\ulab\Desktop\EdisonTechnologyFinalVehicle\EdisonTechnologyFinalVehicle.xpr
# Log file: C:/Users/ulab/Desktop/EdisonTechnologyFinalVehicle/vivado.log
# Journal file: C:/Users/ulab/Desktop/EdisonTechnologyFinalVehicle\vivado.jou
#-----------------------------------------------------------
start_gui
open_project C:/Users/ulab/Desktop/EdisonTechnologyFinalVehicle/EdisonTechnologyFinalVehicle.xpr
Scanning sources...
Finished scanning sources
INFO: [IP_Flow 19-234] Refreshing IP repositories
INFO: [IP_Flow 19-1704] No user IP repositories specified
INFO: [IP_Flow 19-2313] Loaded Vivado IP repository 'C:/Xilinx/Vivado/2016.2/data/ip'.
open_project: Time (s): cpu = 00:00:14 ; elapsed = 00:00:08 . Memory (MB): peak = 926.781 ; gain = 246.504
update_compile_order -fileset sources_1
INFO: [Vivado 12-4158] Exported Hardware file is out of date. Exported hardware information may be inconsistent with respect to the current state of the design. It is recommended that you re-export the design and launch SDK otherwise SDK is launched with out of date hardware system file.
launch_sdk -workspace C:/Users/ulab/Desktop/EdisonTechnologyFinalVehicle/EdisonTechnologyFinalVehicle.sdk -hwspec C:/Users/ulab/Desktop/EdisonTechnologyFinalVehicle/EdisonTechnologyFinalVehicle.sdk/design_1_wrapper.hdf
INFO: [Vivado 12-393] Launching SDK...
INFO: [Vivado 12-417] Running xsdk -workspace C:/Users/ulab/Desktop/EdisonTechnologyFinalVehicle/EdisonTechnologyFinalVehicle.sdk -hwspec C:/Users/ulab/Desktop/EdisonTechnologyFinalVehicle/EdisonTechnologyFinalVehicle.sdk/design_1_wrapper.hdf
INFO: [Vivado 12-3157] SDK launch initiated. Please check console for any further messages.
exit
INFO: [Common 17-206] Exiting Vivado at Fri Dec 09 15:41:09 2016...
