Copyright 1986-2016 Xilinx, Inc. All Rights Reserved.
----------------------------------------------------------------------------------------------------------------------------------------------------------------------
| Tool Version     : Vivado v.2016.2 (win64) Build 1577090 Thu Jun  2 16:32:40 MDT 2016
| Date             : Sun Dec 11 13:38:00 2016
| Host             : ul-42 running 64-bit Service Pack 1  (build 7601)
| Command          : report_power -file design_1_wrapper_power_routed.rpt -pb design_1_wrapper_power_summary_routed.pb -rpx design_1_wrapper_power_routed.rpx
| Design           : design_1_wrapper
| Device           : xc7z010clg400-1
| Design State     : routed
| Grade            : commercial
| Process          : typical
| Characterization : Production
----------------------------------------------------------------------------------------------------------------------------------------------------------------------

Power Report

Table of Contents
-----------------
1. Summary
1.1 On-Chip Components
1.2 Power Supply Summary
1.3 Confidence Level
2. Settings
2.1 Environment
2.2 Clock Constraints
3. Detailed Reports
3.1 By Hierarchy

1. Summary
----------

+--------------------------+-------+
| Total On-Chip Power (W)  | 1.753 |
| Dynamic (W)              | 1.619 |
| Device Static (W)        | 0.134 |
| Effective TJA (C/W)      | 11.5  |
| Max Ambient (C)          | 64.8  |
| Junction Temperature (C) | 45.2  |
| Confidence Level         | Low   |
| Setting File             | ---   |
| Simulation Activity File | ---   |
| Design Nets Matched      | NA    |
+--------------------------+-------+


1.1 On-Chip Components
----------------------

+-------------------------+-----------+----------+-----------+-----------------+
| On-Chip                 | Power (W) | Used     | Available | Utilization (%) |
+-------------------------+-----------+----------+-----------+-----------------+
| Clocks                  |     0.009 |        3 |       --- |             --- |
| Slice Logic             |     0.020 |     6467 |       --- |             --- |
|   LUT as Logic          |     0.018 |     3156 |     17600 |           17.93 |
|   CARRY4                |     0.001 |      360 |      4400 |            8.18 |
|   Register              |    <0.001 |     1973 |     35200 |            5.61 |
|   F7/F8 Muxes           |    <0.001 |       50 |     17600 |            0.28 |
|   LUT as Shift Register |    <0.001 |       68 |      6000 |            1.13 |
|   Others                |     0.000 |      364 |       --- |             --- |
| Signals                 |     0.027 |     4559 |       --- |             --- |
| I/O                     |     0.004 |       13 |       100 |           13.00 |
| XADC                    |     0.002 |        1 |       --- |             --- |
| PS7                     |     1.557 |        1 |       --- |             --- |
| Static Power            |     0.134 |          |           |                 |
| Total                   |     1.753 |          |           |                 |
+-------------------------+-----------+----------+-----------+-----------------+


1.2 Power Supply Summary
------------------------

+-----------+-------------+-----------+-------------+------------+
| Source    | Voltage (V) | Total (A) | Dynamic (A) | Static (A) |
+-----------+-------------+-----------+-------------+------------+
| Vccint    |       1.000 |     0.064 |       0.056 |      0.007 |
| Vccaux    |       1.800 |     0.012 |       0.000 |      0.012 |
| Vcco33    |       3.300 |     0.002 |       0.001 |      0.001 |
| Vcco25    |       2.500 |     0.000 |       0.000 |      0.000 |
| Vcco18    |       1.800 |     0.001 |       0.000 |      0.001 |
| Vcco15    |       1.500 |     0.001 |       0.000 |      0.001 |
| Vcco135   |       1.350 |     0.000 |       0.000 |      0.000 |
| Vcco12    |       1.200 |     0.000 |       0.000 |      0.000 |
| Vccaux_io |       1.800 |     0.000 |       0.000 |      0.000 |
| Vccbram   |       1.000 |     0.000 |       0.000 |      0.000 |
| MGTAVcc   |       1.000 |     0.000 |       0.000 |      0.000 |
| MGTAVtt   |       1.200 |     0.000 |       0.000 |      0.000 |
| MGTVccaux |       1.800 |     0.000 |       0.000 |      0.000 |
| Vccpint   |       1.000 |     0.734 |       0.703 |      0.031 |
| Vccpaux   |       1.800 |     0.085 |       0.074 |      0.010 |
| Vccpll    |       1.800 |     0.017 |       0.014 |      0.003 |
| Vcco_ddr  |       1.500 |     0.458 |       0.456 |      0.002 |
| Vcco_mio0 |       3.300 |     0.003 |       0.002 |      0.001 |
| Vcco_mio1 |       1.800 |     0.004 |       0.003 |      0.001 |
| Vccadc    |       1.800 |     0.021 |       0.001 |      0.020 |
+-----------+-------------+-----------+-------------+------------+


1.3 Confidence Level
--------------------

+-----------------------------+------------+--------------------------------------------------------+------------------------------------------------------------------------------------------------------------+
| User Input Data             | Confidence | Details                                                | Action                                                                                                     |
+-----------------------------+------------+--------------------------------------------------------+------------------------------------------------------------------------------------------------------------+
| Design implementation state | High       | Design is routed                                       |                                                                                                            |
| Clock nodes activity        | High       | User specified more than 95% of clocks                 |                                                                                                            |
| I/O nodes activity          | Low        | More than 75% of inputs are missing user specification | Provide missing input activity with simulation results or by editing the "By Resource Type -> I/Os" view   |
| Internal nodes activity     | Medium     | User specified less than 25% of internal nodes         | Provide missing internal nodes activity with simulation results or by editing the "By Resource Type" views |
| Device models               | High       | Device models are Production                           |                                                                                                            |
|                             |            |                                                        |                                                                                                            |
| Overall confidence level    | Low        |                                                        |                                                                                                            |
+-----------------------------+------------+--------------------------------------------------------+------------------------------------------------------------------------------------------------------------+


2. Settings
-----------

2.1 Environment
---------------

+-----------------------+------------------------+
| Ambient Temp (C)      | 25.0                   |
| ThetaJA (C/W)         | 11.5                   |
| Airflow (LFM)         | 250                    |
| Heat Sink             | none                   |
| ThetaSA (C/W)         | 0.0                    |
| Board Selection       | medium (10"x10")       |
| # of Board Layers     | 8to11 (8 to 11 Layers) |
| Board Temperature (C) | 25.0                   |
+-----------------------+------------------------+


2.2 Clock Constraints
---------------------

+------------+-------------------------------------------------------------+-----------------+
| Clock      | Domain                                                      | Constraint (ns) |
+------------+-------------------------------------------------------------+-----------------+
| clk_fpga_0 | design_1_i/processing_system7_0/inst/FCLK_CLK_unbuffered[0] |            10.0 |
+------------+-------------------------------------------------------------+-----------------+


3. Detailed Reports
-------------------

3.1 By Hierarchy
----------------

+-----------------------------------------------------------------------------+-----------+
| Name                                                                        | Power (W) |
+-----------------------------------------------------------------------------+-----------+
| design_1_wrapper                                                            |     1.619 |
|   design_1_i                                                                |     1.614 |
|     axi_gpio_0                                                              |     0.001 |
|       U0                                                                    |     0.001 |
|         AXI_LITE_IPIF_I                                                     |    <0.001 |
|           I_SLAVE_ATTACHMENT                                                |    <0.001 |
|             I_DECODER                                                       |    <0.001 |
|         INTR_CTRLR_GEN.INTERRUPT_CONTROL_I                                  |    <0.001 |
|         gpio_core_1                                                         |    <0.001 |
|           Not_Dual.INPUT_DOUBLE_REGS3                                       |    <0.001 |
|     axi_gpio_1                                                              |    <0.001 |
|       U0                                                                    |    <0.001 |
|         AXI_LITE_IPIF_I                                                     |    <0.001 |
|           I_SLAVE_ATTACHMENT                                                |    <0.001 |
|             I_DECODER                                                       |    <0.001 |
|         gpio_core_1                                                         |    <0.001 |
|     axi_gpio_2                                                              |    <0.001 |
|       U0                                                                    |    <0.001 |
|         AXI_LITE_IPIF_I                                                     |    <0.001 |
|           I_SLAVE_ATTACHMENT                                                |    <0.001 |
|             I_DECODER                                                       |    <0.001 |
|         gpio_core_1                                                         |    <0.001 |
|           Dual.INPUT_DOUBLE_REGS5                                           |    <0.001 |
|     axi_timer_0                                                             |     0.004 |
|       U0                                                                    |     0.004 |
|         AXI4_LITE_I                                                         |    <0.001 |
|           I_SLAVE_ATTACHMENT                                                |    <0.001 |
|             I_DECODER                                                       |    <0.001 |
|               MEM_DECODE_GEN[0].PER_CE_GEN[0].MULTIPLE_CES_THIS_CS_GEN.CE_I |    <0.001 |
|               MEM_DECODE_GEN[0].PER_CE_GEN[2].MULTIPLE_CES_THIS_CS_GEN.CE_I |    <0.001 |
|               MEM_DECODE_GEN[0].PER_CE_GEN[4].MULTIPLE_CES_THIS_CS_GEN.CE_I |    <0.001 |
|               MEM_DECODE_GEN[0].PER_CE_GEN[5].MULTIPLE_CES_THIS_CS_GEN.CE_I |    <0.001 |
|               MEM_DECODE_GEN[0].PER_CE_GEN[6].MULTIPLE_CES_THIS_CS_GEN.CE_I |    <0.001 |
|               MEM_DECODE_GEN[0].PER_CE_GEN[7].MULTIPLE_CES_THIS_CS_GEN.CE_I |    <0.001 |
|         TC_CORE_I                                                           |     0.003 |
|           COUNTER_0_I                                                       |     0.001 |
|             COUNTER_I                                                       |     0.001 |
|           GEN_SECOND_TIMER.COUNTER_1_I                                      |     0.001 |
|             COUNTER_I                                                       |     0.001 |
|           READ_MUX_I                                                        |    <0.001 |
|           TIMER_CONTROL_I                                                   |    <0.001 |
|             INPUT_DOUBLE_REGS3                                              |    <0.001 |
|     axi_timer_1                                                             |     0.003 |
|       U0                                                                    |     0.003 |
|         AXI4_LITE_I                                                         |    <0.001 |
|           I_SLAVE_ATTACHMENT                                                |    <0.001 |
|             I_DECODER                                                       |    <0.001 |
|               MEM_DECODE_GEN[0].PER_CE_GEN[0].MULTIPLE_CES_THIS_CS_GEN.CE_I |     0.000 |
|               MEM_DECODE_GEN[0].PER_CE_GEN[2].MULTIPLE_CES_THIS_CS_GEN.CE_I |     0.000 |
|               MEM_DECODE_GEN[0].PER_CE_GEN[4].MULTIPLE_CES_THIS_CS_GEN.CE_I |     0.000 |
|               MEM_DECODE_GEN[0].PER_CE_GEN[5].MULTIPLE_CES_THIS_CS_GEN.CE_I |     0.000 |
|               MEM_DECODE_GEN[0].PER_CE_GEN[6].MULTIPLE_CES_THIS_CS_GEN.CE_I |     0.000 |
|               MEM_DECODE_GEN[0].PER_CE_GEN[7].MULTIPLE_CES_THIS_CS_GEN.CE_I |     0.000 |
|         TC_CORE_I                                                           |     0.003 |
|           COUNTER_0_I                                                       |    <0.001 |
|             COUNTER_I                                                       |    <0.001 |
|           GEN_SECOND_TIMER.COUNTER_1_I                                      |     0.002 |
|             COUNTER_I                                                       |     0.001 |
|           READ_MUX_I                                                        |     0.000 |
|           TIMER_CONTROL_I                                                   |    <0.001 |
|             INPUT_DOUBLE_REGS3                                              |    <0.001 |
|     axi_timer_2                                                             |     0.002 |
|       U0                                                                    |     0.002 |
|         AXI4_LITE_I                                                         |    <0.001 |
|           I_SLAVE_ATTACHMENT                                                |    <0.001 |
|             I_DECODER                                                       |    <0.001 |
|               MEM_DECODE_GEN[0].PER_CE_GEN[0].MULTIPLE_CES_THIS_CS_GEN.CE_I |     0.000 |
|               MEM_DECODE_GEN[0].PER_CE_GEN[2].MULTIPLE_CES_THIS_CS_GEN.CE_I |     0.000 |
|               MEM_DECODE_GEN[0].PER_CE_GEN[4].MULTIPLE_CES_THIS_CS_GEN.CE_I |     0.000 |
|               MEM_DECODE_GEN[0].PER_CE_GEN[5].MULTIPLE_CES_THIS_CS_GEN.CE_I |     0.000 |
|               MEM_DECODE_GEN[0].PER_CE_GEN[6].MULTIPLE_CES_THIS_CS_GEN.CE_I |     0.000 |
|               MEM_DECODE_GEN[0].PER_CE_GEN[7].MULTIPLE_CES_THIS_CS_GEN.CE_I |     0.000 |
|         TC_CORE_I                                                           |     0.001 |
|           COUNTER_0_I                                                       |     0.001 |
|             COUNTER_I                                                       |     0.001 |
|           READ_MUX_I                                                        |     0.000 |
|           TIMER_CONTROL_I                                                   |    <0.001 |
|             INPUT_DOUBLE_REGS3                                              |    <0.001 |
|     btn_debounce_toggle_0                                                   |    <0.001 |
|       U0                                                                    |    <0.001 |
|     btn_debounce_toggle_1                                                   |    <0.001 |
|       U0                                                                    |    <0.001 |
|     dist_mem_gen_0                                                          |    <0.001 |
|       U0                                                                    |    <0.001 |
|         synth_options.dist_mem_inst                                         |    <0.001 |
|           gen_rom.rom_inst                                                  |    <0.001 |
|     processing_system7_0                                                    |     1.557 |
|       inst                                                                  |     1.557 |
|     processing_system7_0_axi_periph                                         |     0.006 |
|       s00_couplers                                                          |     0.005 |
|         auto_pc                                                             |     0.005 |
|           inst                                                              |     0.005 |
|             gen_axilite.gen_b2s_conv.axilite_b2s                            |     0.005 |
|               RD.ar_channel_0                                               |    <0.001 |
|                 ar_cmd_fsm_0                                                |    <0.001 |
|                 cmd_translator_0                                            |    <0.001 |
|                   incr_cmd_0                                                |    <0.001 |
|                   wrap_cmd_0                                                |    <0.001 |
|               RD.r_channel_0                                                |     0.001 |
|                 rd_data_fifo_0                                              |    <0.001 |
|                 transaction_fifo_0                                          |    <0.001 |
|               SI_REG                                                        |     0.002 |
|                 ar_pipe                                                     |    <0.001 |
|                 aw_pipe                                                     |    <0.001 |
|                 b_pipe                                                      |    <0.001 |
|                 r_pipe                                                      |    <0.001 |
|               WR.aw_channel_0                                               |    <0.001 |
|                 aw_cmd_fsm_0                                                |    <0.001 |
|                 cmd_translator_0                                            |    <0.001 |
|                   incr_cmd_0                                                |    <0.001 |
|                   wrap_cmd_0                                                |    <0.001 |
|               WR.b_channel_0                                                |    <0.001 |
|                 bid_fifo_0                                                  |    <0.001 |
|                 bresp_fifo_0                                                |    <0.001 |
|       xbar                                                                  |     0.001 |
|         inst                                                                |     0.001 |
|           gen_sasd.crossbar_sasd_0                                          |     0.001 |
|             addr_arbiter_inst                                               |    <0.001 |
|             gen_decerr.decerr_slave_inst                                    |    <0.001 |
|             reg_slice_r                                                     |    <0.001 |
|             splitter_ar                                                     |    <0.001 |
|             splitter_aw                                                     |    <0.001 |
|     rst_processing_system7_0_100M                                           |    <0.001 |
|       U0                                                                    |    <0.001 |
|         EXT_LPF                                                             |    <0.001 |
|           ACTIVE_LOW_EXT.ACT_LO_EXT                                         |    <0.001 |
|         SEQ                                                                 |    <0.001 |
|           SEQ_COUNTER                                                       |    <0.001 |
|     utrasonicDriver_0                                                       |     0.036 |
|       U0                                                                    |     0.036 |
|     xadc_wiz_0                                                              |     0.003 |
|       U0                                                                    |     0.003 |
|         AXI_LITE_IPIF_I                                                     |    <0.001 |
|           I_SLAVE_ATTACHMENT                                                |    <0.001 |
|             I_DECODER                                                       |    <0.001 |
|         AXI_XADC_CORE_I                                                     |     0.002 |
|         INTR_CTRLR_GEN_I.INTERRUPT_CONTROL_I                                |    <0.001 |
|         SOFT_RESET_I                                                        |    <0.001 |
|     xlconcat_0                                                              |     0.000 |
|     xlconcat_1                                                              |     0.000 |
+-----------------------------------------------------------------------------+-----------+


